d:\programming\prog72370\cscn71030_section2_group5\text-adventure-game\text-adv.2edc4317\x64\debug\vc143.pdb
d:\programming\prog72370\cscn71030_section2_group5\text-adventure-game\text-adv.2edc4317\x64\debug\vc143.idb
d:\programming\prog72370\cscn71030_section2_group5\text-adventure-game\text-adv.2edc4317\x64\debug\utils.obj
d:\programming\prog72370\cscn71030_section2_group5\text-adventure-game\text-adv.2edc4317\x64\debug\room.obj
d:\programming\prog72370\cscn71030_section2_group5\text-adventure-game\text-adv.2edc4317\x64\debug\player.obj
d:\programming\prog72370\cscn71030_section2_group5\text-adventure-game\text-adv.2edc4317\x64\debug\main.obj
d:\programming\prog72370\cscn71030_section2_group5\text-adventure-game\text-adv.2edc4317\x64\debug\item.obj
d:\programming\prog72370\cscn71030_section2_group5\text-adventure-game\text-adv.2edc4317\x64\debug\io.obj
d:\programming\prog72370\cscn71030_section2_group5\text-adventure-game\text-adv.2edc4317\x64\debug\cache.obj
d:\programming\prog72370\cscn71030_section2_group5\text-adventure-game\x64\debug\text-adventure-game.exe
d:\programming\prog72370\cscn71030_section2_group5\text-adventure-game\x64\debug\text-adventure-game.pdb
d:\programming\prog72370\cscn71030_section2_group5\text-adventure-game\text-adv.2edc4317\x64\debug\text-adventure-game.ilk
d:\programming\prog72370\cscn71030_section2_group5\text-adventure-game\text-adv.2edc4317\x64\debug\text-adv.2edc4317.tlog\cl.command.1.tlog
d:\programming\prog72370\cscn71030_section2_group5\text-adventure-game\text-adv.2edc4317\x64\debug\text-adv.2edc4317.tlog\cl.items.tlog
d:\programming\prog72370\cscn71030_section2_group5\text-adventure-game\text-adv.2edc4317\x64\debug\text-adv.2edc4317.tlog\cl.read.1.tlog
d:\programming\prog72370\cscn71030_section2_group5\text-adventure-game\text-adv.2edc4317\x64\debug\text-adv.2edc4317.tlog\cl.write.1.tlog
d:\programming\prog72370\cscn71030_section2_group5\text-adventure-game\text-adv.2edc4317\x64\debug\text-adv.2edc4317.tlog\link.command.1.tlog
d:\programming\prog72370\cscn71030_section2_group5\text-adventure-game\text-adv.2edc4317\x64\debug\text-adv.2edc4317.tlog\link.read.1.tlog
d:\programming\prog72370\cscn71030_section2_group5\text-adventure-game\text-adv.2edc4317\x64\debug\text-adv.2edc4317.tlog\link.secondary.1.tlog
d:\programming\prog72370\cscn71030_section2_group5\text-adventure-game\text-adv.2edc4317\x64\debug\text-adv.2edc4317.tlog\link.write.1.tlog
